Compiling the C compiler identification source file "CMakeCCompilerId.c" failed.
Compiler: /usr/bin/gcc 
Build flags: 
Id flags: 

The output was:
1
/usr/bin/ld: final link failed: Illegal seek
collect2: ld returned 1 exit status


Compiling the C compiler identification source file "CMakeCCompilerId.c" failed.
Compiler: /usr/bin/gcc 
Build flags: 
Id flags: -c

The output was:
1
/tmp/ccVxpGaQ.s: Assembler messages:
/tmp/ccVxpGaQ.s:63: Fatal error: can't write CMakeCCompilerId.o: Illegal seek
as: BFD (GNU Binutils for Ubuntu) 2.21.0.20110327 assertion fail ../../bfd/elf.c:2522
as: BFD (GNU Binutils for Ubuntu) 2.21.0.20110327 assertion fail ../../bfd/elf.c:2522
/tmp/ccVxpGaQ.s:63: Fatal error: can't close CMakeCCompilerId.o: Illegal seek


Compiling the C compiler identification source file "CMakeCCompilerId.c" failed.
Compiler: /usr/bin/gcc 
Build flags: 
Id flags: -Aa

The output was:
1
<command-line>:0:1: error: missing '(' after predicate


Compiling the CXX compiler identification source file "CMakeCXXCompilerId.cpp" failed.
Compiler: /usr/bin/g++ 
Build flags: 
Id flags: 

The output was:
1
CMakeCXXCompilerId.cpp:79:58: warning: deprecated conversion from string constant to ‘char*’
CMakeCXXCompilerId.cpp:192:58: warning: deprecated conversion from string constant to ‘char*’
CMakeCXXCompilerId.cpp:193:54: warning: deprecated conversion from string constant to ‘char*’
/usr/bin/ld: final link failed: Illegal seek
collect2: ld returned 1 exit status


Compiling the CXX compiler identification source file "CMakeCXXCompilerId.cpp" failed.
Compiler: /usr/bin/g++ 
Build flags: 
Id flags: -c

The output was:
1
CMakeCXXCompilerId.cpp:79:58: warning: deprecated conversion from string constant to ‘char*’
CMakeCXXCompilerId.cpp:192:58: warning: deprecated conversion from string constant to ‘char*’
CMakeCXXCompilerId.cpp:193:54: warning: deprecated conversion from string constant to ‘char*’
/tmp/ccGtJlLr.s: Assembler messages:
/tmp/ccGtJlLr.s:66: Fatal error: can't write CMakeCXXCompilerId.o: Illegal seek
as: BFD (GNU Binutils for Ubuntu) 2.21.0.20110327 assertion fail ../../bfd/elf.c:2522
as: BFD (GNU Binutils for Ubuntu) 2.21.0.20110327 assertion fail ../../bfd/elf.c:2522
as: BFD (GNU Binutils for Ubuntu) 2.21.0.20110327 assertion fail ../../bfd/elf.c:2522
/tmp/ccGtJlLr.s:66: Fatal error: can't close CMakeCXXCompilerId.o: Illegal seek


Determining if the C compiler works failed with the following output:
Change Dir: /mnt/hgfs/data/lang/OpenCV-2.2.0/dbg-l32/CMakeFiles/CMakeTmp

Run Build Command:/usr/bin/make "cmTryCompileExec/fast"
/usr/bin/make -f CMakeFiles/cmTryCompileExec.dir/build.make CMakeFiles/cmTryCompileExec.dir/build
make[1]: Entering directory `/mnt/hgfs/data/lang/OpenCV-2.2.0/dbg-l32/CMakeFiles/CMakeTmp'
/usr/bin/cmake -E cmake_progress_report /mnt/hgfs/data/lang/OpenCV-2.2.0/dbg-l32/CMakeFiles/CMakeTmp/CMakeFiles 1
Building C object CMakeFiles/cmTryCompileExec.dir/testCCompiler.c.o
/usr/bin/gcc    -o CMakeFiles/cmTryCompileExec.dir/testCCompiler.c.o   -c /mnt/hgfs/data/lang/OpenCV-2.2.0/dbg-l32/CMakeFiles/CMakeTmp/testCCompiler.c
/tmp/cc3RpVDA.s: Assembler messages:
/tmp/cc3RpVDA.s:14: Fatal error: can't write CMakeFiles/cmTryCompileExec.dir/testCCompiler.c.o: Illegal seek
/tmp/cc3RpVDA.s:14: Fatal error: can't close CMakeFiles/cmTryCompileExec.dir/testCCompiler.c.o: Illegal seek
make[1]: Leaving directory `/mnt/hgfs/data/lang/OpenCV-2.2.0/dbg-l32/CMakeFiles/CMakeTmp'
make[1]: *** [CMakeFiles/cmTryCompileExec.dir/testCCompiler.c.o] Error 1
make: *** [cmTryCompileExec/fast] Error 2


